2017-08-22 21:58:30 INFO  AppMain:12 - .......Hibernate Crud Operations Example.......

2017-08-22 21:58:30 INFO  AppMain:14 - 
=======CREATE RECORDS=======

2017-08-22 21:58:32 INFO  DbOperations:57 - 
Successfully Created '5' Records In The Database!

2017-08-22 21:58:32 INFO  AppMain:17 - 
=======READ RECORDS=======

2017-08-22 21:58:32 INFO  AppMain:21 - Student Details?= Id: 1, Name: Editor 101, Roll No.: 101, Course: Bachelor Of Technology
2017-08-22 21:58:32 INFO  AppMain:21 - Student Details?= Id: 2, Name: Editor 102, Roll No.: 102, Course: Bachelor Of Technology
2017-08-22 21:58:32 INFO  AppMain:21 - Student Details?= Id: 3, Name: Editor 103, Roll No.: 103, Course: Bachelor Of Technology
2017-08-22 21:58:32 INFO  AppMain:21 - Student Details?= Id: 4, Name: Editor 104, Roll No.: 104, Course: Bachelor Of Technology
2017-08-22 21:58:32 INFO  AppMain:21 - Student Details?= Id: 5, Name: Editor 105, Roll No.: 105, Course: Bachelor Of Technology
2017-08-22 21:58:32 INFO  AppMain:25 - 
=======UPDATE RECORDS=======

2017-08-22 21:58:32 INFO  DbOperations:111 - 
Student With Id?= 1 Is Successfully Updated In The Database!

2017-08-22 21:58:32 INFO  AppMain:28 - 
=======READ RECORDS AFTER UPDATION=======

2017-08-22 21:58:32 INFO  AppMain:32 - Student Details?= Id: 1, Name: Java Code Geek, Roll No.: 101, Course: Masters Of Technology
2017-08-22 21:58:32 INFO  AppMain:32 - Student Details?= Id: 2, Name: Editor 102, Roll No.: 102, Course: Bachelor Of Technology
2017-08-22 21:58:32 INFO  AppMain:32 - Student Details?= Id: 3, Name: Editor 103, Roll No.: 103, Course: Bachelor Of Technology
2017-08-22 21:58:32 INFO  AppMain:32 - Student Details?= Id: 4, Name: Editor 104, Roll No.: 104, Course: Bachelor Of Technology
2017-08-22 21:58:32 INFO  AppMain:32 - Student Details?= Id: 5, Name: Editor 105, Roll No.: 105, Course: Bachelor Of Technology
2017-08-22 21:58:32 INFO  AppMain:36 - 
=======DELETE RECORD=======

2017-08-22 21:58:32 INFO  DbOperations:139 - 
Student With Id?= 5 Is Successfully Deleted From The Database!

2017-08-22 21:58:32 INFO  AppMain:39 - 
=======READ RECORDS AFTER DELETION=======

2017-08-22 21:58:32 INFO  AppMain:42 - Student Details?= Id: 1, Name: Java Code Geek, Roll No.: 101, Course: Masters Of Technology
2017-08-22 21:58:32 INFO  AppMain:42 - Student Details?= Id: 2, Name: Editor 102, Roll No.: 102, Course: Bachelor Of Technology
2017-08-22 21:58:32 INFO  AppMain:42 - Student Details?= Id: 3, Name: Editor 103, Roll No.: 103, Course: Bachelor Of Technology
2017-08-22 21:58:32 INFO  AppMain:42 - Student Details?= Id: 4, Name: Editor 104, Roll No.: 104, Course: Bachelor Of Technology
2017-08-22 21:58:32 INFO  AppMain:45 - 
=======DELETE ALL RECORDS=======

2017-08-22 21:58:33 INFO  DbOperations:187 - 
Successfully Deleted All Records From The Database Table!

2017-08-22 21:58:33 INFO  AppMain:47 - 
=======READ RECORDS AFTER ALL RECORDS DELETION=======
2017-08-22 21:58:33 INFO  AppMain:50 - 
No Records Are Present In The Database Table!

2022-06-07 10:50:06 INFO  AppMain:12 - .......Hibernate Crud Operations Example.......

2022-06-07 10:50:06 INFO  AppMain:14 - 
=======CREATE RECORDS=======

2022-06-07 10:50:09 ERROR SqlExceptionHelper:146 - Table 'hibernatedb.student' doesn't exist
2022-06-07 10:50:09 INFO  DbOperations:60 - 
.......Transaction Is Being Rolled Back.......

2022-06-07 10:50:09 INFO  AppMain:17 - 
=======READ RECORDS=======

2022-06-07 10:50:09 ERROR SqlExceptionHelper:146 - Table 'hibernatedb.student' doesn't exist
2022-06-07 10:50:09 INFO  DbOperations:84 - 
.......Transaction Is Being Rolled Back.......

2022-06-07 10:50:09 INFO  AppMain:25 - 
=======UPDATE RECORDS=======

2022-06-07 10:50:09 ERROR SqlExceptionHelper:146 - Table 'hibernatedb.student' doesn't exist
2022-06-07 10:50:09 INFO  DbOperations:114 - 
.......Transaction Is Being Rolled Back.......

2022-06-07 10:50:09 INFO  AppMain:28 - 
=======READ RECORDS AFTER UPDATION=======

2022-06-07 10:50:10 ERROR SqlExceptionHelper:146 - Table 'hibernatedb.student' doesn't exist
2022-06-07 10:50:10 INFO  DbOperations:84 - 
.......Transaction Is Being Rolled Back.......

2022-06-07 10:50:10 INFO  AppMain:36 - 
=======DELETE RECORD=======

2022-06-07 10:50:10 ERROR SqlExceptionHelper:146 - Table 'hibernatedb.student' doesn't exist
2022-06-07 10:50:10 INFO  DbOperations:141 - 
.......Transaction Is Being Rolled Back.......

2022-06-07 10:50:10 INFO  AppMain:39 - 
=======READ RECORDS AFTER DELETION=======

2022-06-07 10:50:10 ERROR SqlExceptionHelper:146 - Table 'hibernatedb.student' doesn't exist
2022-06-07 10:50:10 INFO  DbOperations:84 - 
.......Transaction Is Being Rolled Back.......

2022-06-07 10:50:10 INFO  AppMain:45 - 
=======DELETE ALL RECORDS=======

2022-06-07 10:50:10 ERROR SqlExceptionHelper:146 - Table 'hibernatedb.student' doesn't exist
2022-06-07 10:50:10 INFO  DbOperations:188 - 
.......Transaction Is Being Rolled Back.......

2022-06-07 10:50:10 INFO  AppMain:47 - 
=======READ RECORDS AFTER ALL RECORDS DELETION=======
2022-06-07 10:50:10 ERROR SqlExceptionHelper:146 - Table 'hibernatedb.student' doesn't exist
2022-06-07 10:50:10 INFO  DbOperations:84 - 
.......Transaction Is Being Rolled Back.......

2022-06-07 10:50:10 INFO  AppMain:50 - 
No Records Are Present In The Database Table!

2022-06-07 10:52:47 INFO  AppMain:12 - .......Hibernate Crud Operations Example.......

2022-06-07 10:52:47 INFO  AppMain:14 - 
=======CREATE RECORDS=======

2022-06-07 10:52:49 INFO  DbOperations:57 - 
Successfully Created '5' Records In The Database!

2022-06-07 10:52:49 INFO  AppMain:17 - 
=======READ RECORDS=======

2022-06-07 10:52:49 INFO  AppMain:21 - Student Details?= Id: 1, Name: Editor 101, Roll No.: 101, Course: Bachelor Of Technology
2022-06-07 10:52:49 INFO  AppMain:21 - Student Details?= Id: 2, Name: Editor 102, Roll No.: 102, Course: Bachelor Of Technology
2022-06-07 10:52:49 INFO  AppMain:21 - Student Details?= Id: 3, Name: Editor 103, Roll No.: 103, Course: Bachelor Of Technology
2022-06-07 10:52:49 INFO  AppMain:21 - Student Details?= Id: 4, Name: Editor 104, Roll No.: 104, Course: Bachelor Of Technology
2022-06-07 10:52:49 INFO  AppMain:21 - Student Details?= Id: 5, Name: Editor 105, Roll No.: 105, Course: Bachelor Of Technology
2022-06-07 10:52:49 INFO  AppMain:25 - 
=======UPDATE RECORDS=======

2022-06-07 10:52:49 INFO  DbOperations:111 - 
Student With Id?= 1 Is Successfully Updated In The Database!

2022-06-07 10:52:49 INFO  AppMain:28 - 
=======READ RECORDS AFTER UPDATION=======

2022-06-07 10:52:49 INFO  AppMain:32 - Student Details?= Id: 1, Name: Java Code Geek, Roll No.: 101, Course: Masters Of Technology
2022-06-07 10:52:49 INFO  AppMain:32 - Student Details?= Id: 2, Name: Editor 102, Roll No.: 102, Course: Bachelor Of Technology
2022-06-07 10:52:49 INFO  AppMain:32 - Student Details?= Id: 3, Name: Editor 103, Roll No.: 103, Course: Bachelor Of Technology
2022-06-07 10:52:49 INFO  AppMain:32 - Student Details?= Id: 4, Name: Editor 104, Roll No.: 104, Course: Bachelor Of Technology
2022-06-07 10:52:49 INFO  AppMain:32 - Student Details?= Id: 5, Name: Editor 105, Roll No.: 105, Course: Bachelor Of Technology
2022-06-07 10:52:49 INFO  AppMain:36 - 
=======DELETE RECORD=======

2022-06-07 10:52:49 INFO  DbOperations:138 - 
Student With Id?= 5 Is Successfully Deleted From The Database!

2022-06-07 10:52:49 INFO  AppMain:39 - 
=======READ RECORDS AFTER DELETION=======

2022-06-07 10:52:49 INFO  AppMain:42 - Student Details?= Id: 1, Name: Java Code Geek, Roll No.: 101, Course: Masters Of Technology
2022-06-07 10:52:49 INFO  AppMain:42 - Student Details?= Id: 2, Name: Editor 102, Roll No.: 102, Course: Bachelor Of Technology
2022-06-07 10:52:49 INFO  AppMain:42 - Student Details?= Id: 3, Name: Editor 103, Roll No.: 103, Course: Bachelor Of Technology
2022-06-07 10:52:49 INFO  AppMain:42 - Student Details?= Id: 4, Name: Editor 104, Roll No.: 104, Course: Bachelor Of Technology
2022-06-07 10:52:49 INFO  AppMain:45 - 
=======DELETE ALL RECORDS=======

2022-06-07 10:52:49 INFO  DbOperations:185 - 
Successfully Deleted All Records From The Database Table!

2022-06-07 10:52:49 INFO  AppMain:47 - 
=======READ RECORDS AFTER ALL RECORDS DELETION=======
2022-06-07 10:52:49 INFO  AppMain:50 - 
No Records Are Present In The Database Table!

2022-06-07 10:54:45 INFO  AppMain:12 - .......Hibernate Crud Operations Example.......

2022-06-07 10:54:45 INFO  AppMain:14 - 
=======CREATE RECORDS=======

2022-06-07 10:54:48 INFO  DbOperations:57 - 
Successfully Created '5' Records In The Database!

2022-06-07 10:54:48 INFO  AppMain:17 - 
=======READ RECORDS=======

2022-06-07 10:54:48 INFO  AppMain:21 - Student Details?= Id: 101, Name: Sumit, Roll No.: 6, Course: Java
2022-06-07 10:54:48 INFO  AppMain:21 - Student Details?= Id: 102, Name: Editor 101, Roll No.: 101, Course: Bachelor Of Technology
2022-06-07 10:54:48 INFO  AppMain:21 - Student Details?= Id: 103, Name: Editor 102, Roll No.: 102, Course: Bachelor Of Technology
2022-06-07 10:54:48 INFO  AppMain:21 - Student Details?= Id: 104, Name: Editor 103, Roll No.: 103, Course: Bachelor Of Technology
2022-06-07 10:54:48 INFO  AppMain:21 - Student Details?= Id: 105, Name: Editor 104, Roll No.: 104, Course: Bachelor Of Technology
2022-06-07 10:54:48 INFO  AppMain:21 - Student Details?= Id: 106, Name: Editor 105, Roll No.: 105, Course: Bachelor Of Technology
2022-06-07 10:54:48 INFO  AppMain:25 - 
=======UPDATE RECORDS=======

2022-06-07 10:54:48 INFO  DbOperations:114 - 
.......Transaction Is Being Rolled Back.......

2022-06-07 10:54:48 INFO  AppMain:28 - 
=======READ RECORDS AFTER UPDATION=======

2022-06-07 10:54:48 INFO  AppMain:32 - Student Details?= Id: 101, Name: Sumit, Roll No.: 6, Course: Java
2022-06-07 10:54:48 INFO  AppMain:32 - Student Details?= Id: 102, Name: Editor 101, Roll No.: 101, Course: Bachelor Of Technology
2022-06-07 10:54:48 INFO  AppMain:32 - Student Details?= Id: 103, Name: Editor 102, Roll No.: 102, Course: Bachelor Of Technology
2022-06-07 10:54:48 INFO  AppMain:32 - Student Details?= Id: 104, Name: Editor 103, Roll No.: 103, Course: Bachelor Of Technology
2022-06-07 10:54:48 INFO  AppMain:32 - Student Details?= Id: 105, Name: Editor 104, Roll No.: 104, Course: Bachelor Of Technology
2022-06-07 10:54:48 INFO  AppMain:32 - Student Details?= Id: 106, Name: Editor 105, Roll No.: 105, Course: Bachelor Of Technology
2022-06-07 10:54:48 INFO  AppMain:36 - 
=======DELETE RECORD=======

2022-06-07 10:54:48 INFO  DbOperations:141 - 
.......Transaction Is Being Rolled Back.......

2022-06-07 10:54:48 INFO  AppMain:39 - 
=======READ RECORDS AFTER DELETION=======

2022-06-07 10:54:49 INFO  AppMain:42 - Student Details?= Id: 101, Name: Sumit, Roll No.: 6, Course: Java
2022-06-07 10:54:49 INFO  AppMain:42 - Student Details?= Id: 102, Name: Editor 101, Roll No.: 101, Course: Bachelor Of Technology
2022-06-07 10:54:49 INFO  AppMain:42 - Student Details?= Id: 103, Name: Editor 102, Roll No.: 102, Course: Bachelor Of Technology
2022-06-07 10:54:49 INFO  AppMain:42 - Student Details?= Id: 104, Name: Editor 103, Roll No.: 103, Course: Bachelor Of Technology
2022-06-07 10:54:49 INFO  AppMain:42 - Student Details?= Id: 105, Name: Editor 104, Roll No.: 104, Course: Bachelor Of Technology
2022-06-07 10:54:49 INFO  AppMain:42 - Student Details?= Id: 106, Name: Editor 105, Roll No.: 105, Course: Bachelor Of Technology
2022-06-07 10:56:24 INFO  AppMain:12 - .......Hibernate Crud Operations Example.......

2022-06-07 10:56:24 INFO  AppMain:14 - 
=======CREATE RECORDS=======

2022-06-07 10:56:26 INFO  DbOperations:57 - 
Successfully Created '5' Records In The Database!

2022-06-07 10:56:26 INFO  AppMain:17 - 
=======READ RECORDS=======

2022-06-07 10:56:26 INFO  AppMain:21 - Student Details?= Id: 101, Name: Sumit, Roll No.: 6, Course: Java
2022-06-07 10:56:26 INFO  AppMain:21 - Student Details?= Id: 102, Name: Editor 101, Roll No.: 101, Course: Bachelor Of Technology
2022-06-07 10:56:26 INFO  AppMain:21 - Student Details?= Id: 103, Name: Editor 102, Roll No.: 102, Course: Bachelor Of Technology
2022-06-07 10:56:26 INFO  AppMain:21 - Student Details?= Id: 104, Name: Editor 103, Roll No.: 103, Course: Bachelor Of Technology
2022-06-07 10:56:26 INFO  AppMain:21 - Student Details?= Id: 105, Name: Editor 104, Roll No.: 104, Course: Bachelor Of Technology
2022-06-07 10:56:26 INFO  AppMain:21 - Student Details?= Id: 106, Name: Editor 105, Roll No.: 105, Course: Bachelor Of Technology
2022-06-07 10:56:26 INFO  AppMain:21 - Student Details?= Id: 107, Name: Editor 101, Roll No.: 101, Course: Bachelor Of Technology
2022-06-07 10:56:26 INFO  AppMain:21 - Student Details?= Id: 108, Name: Editor 102, Roll No.: 102, Course: Bachelor Of Technology
2022-06-07 10:56:26 INFO  AppMain:21 - Student Details?= Id: 109, Name: Editor 103, Roll No.: 103, Course: Bachelor Of Technology
2022-06-07 10:56:26 INFO  AppMain:21 - Student Details?= Id: 110, Name: Editor 104, Roll No.: 104, Course: Bachelor Of Technology
2022-06-07 10:56:26 INFO  AppMain:21 - Student Details?= Id: 111, Name: Editor 105, Roll No.: 105, Course: Bachelor Of Technology
2022-06-07 10:56:26 INFO  AppMain:34 - 
=======DELETE RECORD=======

2022-06-07 10:56:26 INFO  DbOperations:138 - 
Student With Id?= 101 Is Successfully Deleted From The Database!

2022-06-07 10:56:26 INFO  AppMain:37 - 
=======READ RECORDS AFTER DELETION=======

2022-06-07 10:56:26 INFO  AppMain:40 - Student Details?= Id: 102, Name: Editor 101, Roll No.: 101, Course: Bachelor Of Technology
2022-06-07 10:56:26 INFO  AppMain:40 - Student Details?= Id: 103, Name: Editor 102, Roll No.: 102, Course: Bachelor Of Technology
2022-06-07 10:56:26 INFO  AppMain:40 - Student Details?= Id: 104, Name: Editor 103, Roll No.: 103, Course: Bachelor Of Technology
2022-06-07 10:56:26 INFO  AppMain:40 - Student Details?= Id: 105, Name: Editor 104, Roll No.: 104, Course: Bachelor Of Technology
2022-06-07 10:56:26 INFO  AppMain:40 - Student Details?= Id: 106, Name: Editor 105, Roll No.: 105, Course: Bachelor Of Technology
2022-06-07 10:56:26 INFO  AppMain:40 - Student Details?= Id: 107, Name: Editor 101, Roll No.: 101, Course: Bachelor Of Technology
2022-06-07 10:56:26 INFO  AppMain:40 - Student Details?= Id: 108, Name: Editor 102, Roll No.: 102, Course: Bachelor Of Technology
2022-06-07 10:56:26 INFO  AppMain:40 - Student Details?= Id: 109, Name: Editor 103, Roll No.: 103, Course: Bachelor Of Technology
2022-06-07 10:56:26 INFO  AppMain:40 - Student Details?= Id: 110, Name: Editor 104, Roll No.: 104, Course: Bachelor Of Technology
2022-06-07 10:56:26 INFO  AppMain:40 - Student Details?= Id: 111, Name: Editor 105, Roll No.: 105, Course: Bachelor Of Technology
2022-06-07 17:03:41 INFO  AppMain:12 - .......Hibernate Crud Operations Example.......

2022-06-07 17:03:41 INFO  AppMain:14 - 
=======CREATE RECORDS=======

2022-06-07 17:03:44 INFO  DbOperations:57 - 
Successfully Created '5' Records In The Database!

2022-06-07 17:03:44 INFO  AppMain:17 - 
=======READ RECORDS=======

2022-06-07 17:03:44 INFO  AppMain:21 - Student Details?= Id: 102, Name: Editor 101, Roll No.: 101, Course: Bachelor Of Technology
2022-06-07 17:03:44 INFO  AppMain:21 - Student Details?= Id: 103, Name: Editor 102, Roll No.: 102, Course: Bachelor Of Technology
2022-06-07 17:03:44 INFO  AppMain:21 - Student Details?= Id: 104, Name: Editor 103, Roll No.: 103, Course: Bachelor Of Technology
2022-06-07 17:03:44 INFO  AppMain:21 - Student Details?= Id: 105, Name: Editor 104, Roll No.: 104, Course: Bachelor Of Technology
2022-06-07 17:03:44 INFO  AppMain:21 - Student Details?= Id: 106, Name: Editor 105, Roll No.: 105, Course: Bachelor Of Technology
2022-06-07 17:03:44 INFO  AppMain:21 - Student Details?= Id: 107, Name: Editor 101, Roll No.: 101, Course: Bachelor Of Technology
2022-06-07 17:03:44 INFO  AppMain:21 - Student Details?= Id: 108, Name: Editor 102, Roll No.: 102, Course: Bachelor Of Technology
2022-06-07 17:03:44 INFO  AppMain:21 - Student Details?= Id: 109, Name: Editor 103, Roll No.: 103, Course: Bachelor Of Technology
2022-06-07 17:03:44 INFO  AppMain:21 - Student Details?= Id: 110, Name: Editor 104, Roll No.: 104, Course: Bachelor Of Technology
2022-06-07 17:03:44 INFO  AppMain:21 - Student Details?= Id: 111, Name: Editor 105, Roll No.: 105, Course: Bachelor Of Technology
2022-06-07 17:03:44 INFO  AppMain:21 - Student Details?= Id: 112, Name: Editor 101, Roll No.: 101, Course: Bachelor Of Technology
2022-06-07 17:03:44 INFO  AppMain:21 - Student Details?= Id: 113, Name: Editor 102, Roll No.: 102, Course: Bachelor Of Technology
2022-06-07 17:03:44 INFO  AppMain:21 - Student Details?= Id: 114, Name: Editor 103, Roll No.: 103, Course: Bachelor Of Technology
2022-06-07 17:03:44 INFO  AppMain:21 - Student Details?= Id: 115, Name: Editor 104, Roll No.: 104, Course: Bachelor Of Technology
2022-06-07 17:03:44 INFO  AppMain:21 - Student Details?= Id: 116, Name: Editor 105, Roll No.: 105, Course: Bachelor Of Technology
2022-06-07 17:03:44 INFO  AppMain:34 - 
=======DELETE RECORD=======

2022-06-07 17:03:44 INFO  DbOperations:141 - 
.......Transaction Is Being Rolled Back.......

2022-06-07 17:03:44 INFO  AppMain:37 - 
=======READ RECORDS AFTER DELETION=======

2022-06-07 17:03:45 INFO  AppMain:40 - Student Details?= Id: 102, Name: Editor 101, Roll No.: 101, Course: Bachelor Of Technology
2022-06-07 17:03:45 INFO  AppMain:40 - Student Details?= Id: 103, Name: Editor 102, Roll No.: 102, Course: Bachelor Of Technology
2022-06-07 17:03:45 INFO  AppMain:40 - Student Details?= Id: 104, Name: Editor 103, Roll No.: 103, Course: Bachelor Of Technology
2022-06-07 17:03:45 INFO  AppMain:40 - Student Details?= Id: 105, Name: Editor 104, Roll No.: 104, Course: Bachelor Of Technology
2022-06-07 17:03:45 INFO  AppMain:40 - Student Details?= Id: 106, Name: Editor 105, Roll No.: 105, Course: Bachelor Of Technology
2022-06-07 17:03:45 INFO  AppMain:40 - Student Details?= Id: 107, Name: Editor 101, Roll No.: 101, Course: Bachelor Of Technology
2022-06-07 17:03:45 INFO  AppMain:40 - Student Details?= Id: 108, Name: Editor 102, Roll No.: 102, Course: Bachelor Of Technology
2022-06-07 17:03:45 INFO  AppMain:40 - Student Details?= Id: 109, Name: Editor 103, Roll No.: 103, Course: Bachelor Of Technology
2022-06-07 17:03:45 INFO  AppMain:40 - Student Details?= Id: 110, Name: Editor 104, Roll No.: 104, Course: Bachelor Of Technology
2022-06-07 17:03:45 INFO  AppMain:40 - Student Details?= Id: 111, Name: Editor 105, Roll No.: 105, Course: Bachelor Of Technology
2022-06-07 17:03:45 INFO  AppMain:40 - Student Details?= Id: 112, Name: Editor 101, Roll No.: 101, Course: Bachelor Of Technology
2022-06-07 17:03:45 INFO  AppMain:40 - Student Details?= Id: 113, Name: Editor 102, Roll No.: 102, Course: Bachelor Of Technology
2022-06-07 17:03:45 INFO  AppMain:40 - Student Details?= Id: 114, Name: Editor 103, Roll No.: 103, Course: Bachelor Of Technology
2022-06-07 17:03:45 INFO  AppMain:40 - Student Details?= Id: 115, Name: Editor 104, Roll No.: 104, Course: Bachelor Of Technology
2022-06-07 17:03:45 INFO  AppMain:40 - Student Details?= Id: 116, Name: Editor 105, Roll No.: 105, Course: Bachelor Of Technology
